<?xml version="1.0" encoding="UTF-8"?>
<!-- Generated by org.testng.reporters.JUnitReportReporter -->
<testsuite skipped="0" hostname="LAPTOP-NHVQ9FOC" name="com.actitime.reporttest.ReportTest" tests="3" failures="0" timestamp="01 May 2019 16:36:17 GMT" time="0.025" errors="0">
  <testcase name="createReportTest" time="0.004" classname="com.actitime.reporttest.ReportTest"/>
  <testcase name="modifyReportTest" time="0.004" classname="com.actitime.reporttest.ReportTest"/>
  <testcase name="deleteReportTest" time="0.017" classname="com.actitime.reporttest.ReportTest"/>
</testsuite> <!-- com.actitime.reporttest.ReportTest -->
