<?xml version="1.0" encoding="UTF-8"?>
<!-- Generated by org.testng.reporters.JUnitReportReporter -->
<testsuite skipped="0" hostname="LAPTOP-NHVQ9FOC" name="com.actitime.usertest.UserTest" tests="3" failures="0" timestamp="01 May 2019 16:36:17 GMT" time="0.016" errors="0">
  <testcase name="modifyUserTest" time="0.008" classname="com.actitime.usertest.UserTest"/>
  <testcase name="deleteUserTest" time="0.003" classname="com.actitime.usertest.UserTest"/>
  <testcase name="createUser" time="0.005" classname="com.actitime.usertest.UserTest"/>
</testsuite> <!-- com.actitime.usertest.UserTest -->
